O O O O O process_name
O O O O O O
O O O O O process_name
O O O O O process_name
O O O O process_name
O O O O O process_name O
O O O process_name
O O O O process_name
O O O O O process_name O O
O O O O O process_name O
O O O O O process_name
O O O O O process_name O O
O O O O process_name
O O O O process_name
O O O O O process_name O
O O O O O O Prozess
O O O O O O O O
O O O O O process_name
O O O O O process_name O O
O O O O O O O
O O O O O O
O O O O O O O
O O O O O O O
O O O O O process_name
O O O O process_name O O
O O O O O process_name
O O O O process_name O O
O O O O process_name O O
O O O O O process_name
O O O process_name O O
O O O O O O O
O O O O O process_name
O O O O process_name O O
O O O O process_name
O O O O process_name O O
O O O O O process_name O
O O O O O O O
O O O process_name
O O O O O process_name O O
O O O O O O O O
O O O O process_name O
O O O O Katapultradarablauf O O
O O O process_name O O
O O O O process_name O O
O O O O process_name
O O O O O O
O O O O O O O O
O O O O process_name
O O O O O process_name
O O O O O process_name O O
O O O O process_name O O
O O O O process_name
O O O O O O Prozess
O O O O O O O O O
O O O O O O O
O O O O O O O process_name
O O O O O O
O O O process_name O O
O O O O process_name O
O O O O O O process_name
O O O O process_name
O O O O process_name
O O O O O process_name O O
O O O O process_name O
O O O O O process_name
O O O O O O O
O O O process_name
O O O O process_name
O O O O O O O O
O O O process_name O
O O O O O O process_name
O O O O O process_name
O O O O O process_name
O O O O O process_name O O
O O O O O process_name O
O O O Prozess
O O O O O Prozess
O O O O O process_name
O O O O Prozess
O O O O O process_name O
O O O process_name
O O O O O process_name
O O O O O process_name
O O O O O process_name
O O O O process_name O O
O O O O O process_name O
O O O process_name O O
O O O O O process_name O
O O O O process_name
O O O O O process_name
O O O O O process_name O O
O O O O Prozess
O O O O O process_name O O
O O O process_name O
O O O O process_name O O
O O O O O process_name O O
O O O O process_name O O
O O O O process_name
O O O O O process_name O
O O O O O process_name
O O O process_name O
O O O O O process_name
O O O O O O process_name O O
O O O O O process_name O O
O O O process_name
O O process_name
O O O O process_name O O
O O O O O process_name
O O O process_name
O O O O process_name O O
O O O O O
O O O O process_name
O O O O O O O O
O O O O O process_name
O O O O O process_name O O
O O O O process_name
O O O O O O
O O O O process_name O O
O O O O process_name
O O O O O Prozess
O O O O O process_name
O O O O O Prozess
O O O process_name O O
O O O process_name O O
O O O O O process_name O O
O O O process_name
O O O process_name
O O O O process_name O
O O O O process_name
O O O process_name
O O O O process_name O O
O O O O process_name
O O O O process_name O O
O O O process_name O O
O O O O O process_name
O O O O O process_name
O O O O O process_name
O O O O O O process_name O O
O O O process_name
O O O O process_name O O
O O O O O process_name O O
O O O O process_name O
O O O O process_name
O O O O process_name
O O O O process_name
O O O O process_name O O
O O O O O process_name O O
O O O O process_name O
O O O process_name O O
O O O O process_name
O O O O process_name O
O O O process_name O O
O O O O O process_name O O
O O O O process_name O O
O O O O O process_name O
O O O O O process_name O O
O O O O O O process_name O O
O O O O process_name
O O O O O process_name
O O O process_name O O
O O O O O process_name
O O O O O process_name O O
O O O O Prozess
O O O O O process_name
O O O O O process_name O
O O O O O process_name O
O O O O O process_name
O O O O O O process_name
O O O O process_name
O O O O process_name O
O O O O O O process_name
O O O O process_name
O O O O O process_name O O
O O O O O process_name
O O O O O process_name O O
O O O O process_name O O
O O O O process_name
O O O O process_name
O O O O process_name O O
O O O O O process_name
O O O O process_name O
O O O O O process_name O O
O O O O process_name O O
O O O O O process_name O
O O O O process_name O
O O O process_name O O
O O O process_name
O O O O O process_name O O
O O O O Prozess
O O O O O process_name O O
O O O O process_name O
O O O O process_name
O O O O O O O
O O O O process_name
O O O O O process_name
O O O O process_name
O O O O process_name O
O O O O O O
O O O O O O process_name O
O O O O O
O O O O O O
O O O Prozess
O O O O O O
O O O O Prozess
O O O O O
O O O O O O.
O O O process_name O email_address
O O O process_name
O process_name O O O
O process_name O O O
ja O O O process_name
O O O O process_name O email_address O
O O O
O O O O O
O O O O
O process_name O O O
O O O O O O process_name O
O O
O O
process_name O O
O O O 
process_name O
process_name O
O O
O O O O O
O O O
O O O O O O
O O O O O process_name O
O O O O O O process_name
O O O O O O O process_name O
O O O O
O
O O O O O O
O O O O
O O O O O O O O
O O O O O
O O O O O O O
O O O O O O O
O O O O O O O O O O
O O O O O O O
O O O O
O O O O
O O O O O
O O O O O
O O O O O O
O O O O O O
O O O O O O
O O O O O O O O O O
O O O O O
O O O O O O
O O O O O O O
O O O O O
O O O O O
O O O O O O O
O O O O
O O O O O O O
O O O O
O O O O O O
O O O O O O
O O O O O O
O O O O O O
O O O O O O
O O O O O O
O O O O O O O
O O O O O O O
O O O O O O
O O O O O
O O O O O
O O O O O O
O O O O O O
O O O O O O
O O O O O O O
O O O O O O
O O O O O O
O O O O O O O
O O O O O O O
O O O O O O O
O O O O
O O O O O O O
O O O O O O
O O O O O O
O O O O O O O
O O O O
O O O O O O
O O O O O O O
O O O O O O
O O O O O O O
O O O O O O O
O O O O O
O O O O O O O O
O O O O O O
O O O O O
O O O O O O O
O O O O O O O
O O O O O
O O O O O O
O O O O O
O O O O O O
O O O O O
O O O O O O
O O O O
O O O O O
O O O O O O
O O O O O O
O O O O O O O
O O O O O O O
O O O O O O O
O O O O O O O
O O O O O O
O O O O O
O O O O O O
O O O O O
O O O O O O O
O O O O O O
O O O O O O O
O O O O O O O
O O O O O O O O
O O O O O O O
O O O O O O O
O O O O O O
O O O O O
O O O O O O O O O O
O O O O O O
O O O O O O O
O O O O O O
O O O O O O O O
O O O O O O
O O O O O O O
O O O O O O O
O O O O O O O
O O O O O O
O O O O O O
O O O O O O O
O O O O O O
O O O O O O
O O O O O
O O O O O O
O O O O O O O
O O O O O O
O O O O O O O O
O O O O O
O O O O O O O
O O O O O O O
O O O O O O
O O O O O O
O O O O O O
O O O O O O O O O
O O O O O O O
O O O O O
O O O O O O O
O O O O O O
O O O O
O O O O O O O
O O O O O
O O O O O
O O O O O O
O O O O O O O
O O O O O
O O O O O O O O
O O O O O O
O O O O O
O O O O O O O
O O O O O O O
O O O O O
O O O O O O
O O O O O O
O O O O O O O
O O O O O O
O O O O O
O O O O O O O O O
O O O O O O O
O O O O O O
O O O O O O O
O O O O O O O O
O O O O O O O
O O O O O O
O O O O O O O O
O O O O O
O O O O O O O
O O O O O O
O O O O O O O
O O O O O O O
O O O O O O O
O O O O O O O O
O O O O O O
O O O O O O
O O O O O O O
O O O O O
O O O O
O O O O O O O O
